<?xml version="1.0" encoding="UTF-8"?>
<testsuite xmlns:xsi="http://www.w3.org/2001/XMLSchema-instance" xsi:noNamespaceSchemaLocation="https://maven.apache.org/surefire/maven-surefire-plugin/xsd/surefire-test-report-3.0.xsd" version="3.0" name="com.datadoghq.AppTest" time="0.018" tests="2" errors="0" skipped="0" failures="0">
  <properties>
[...]
</properties>
  <testcase name="testSendTraceSpan" classname="com.datadoghq.AppTest" time="0.01">
    <system-err><![CDATA[Failed to send trace span: Datadog API key is not set in environment variables.
]]></system-err>
  </testcase>
  <testcase name="testApp" classname="com.datadoghq.AppTest" time="0.0"/>
</testsuite>